<?xml version="1.0" encoding="utf-8"?><testsuites name="pytest tests"><testsuite name="pytest" errors="0" failures="1" skipped="0" tests="7" time="77.878" timestamp="2026-04-18T07:55:29.367686+00:00" hostname="agent-env-84f3ef8e-3b2f-4d95-b464-f6f0b925c54c"><testcase classname="backend.tests.test_fitai_v4.TestHealthEndpoints" name="test_root_endpoint" time="0.237" /><testcase classname="backend.tests.test_fitai_v4.TestGenerateOutfitsV4" name="test_generate_outfits_returns_aesthetic_score_and_suggestions" time="60.132"><failure message="AssertionError: Unexpected status: 502&#10;assert 502 in [200, 500]&#10; +  where 502 = &lt;Response [502]&gt;.status_code">backend/tests/test_fitai_v4.py:83: in test_generate_outfits_returns_aesthetic_score_and_suggestions
    assert response.status_code in [200, 500], f"Unexpected status: {response.status_code}"
E   AssertionError: Unexpected status: 502
E   assert 502 in [200, 500]
E    +  where 502 = &lt;Response [502]&gt;.status_code</failure></testcase><testcase classname="backend.tests.test_fitai_v4.TestGenerateOutfitImageV4" name="test_generate_outfit_image_accepts_new_fields" time="10.842" /><testcase classname="backend.tests.test_fitai_v4.TestGenerateOutfitImageV4" name="test_generate_outfit_image_caching_behavior" time="3.025" /><testcase classname="backend.tests.test_fitai_v4.TestGenerateOutfitImageV4" name="test_force_regenerate_bypasses_cache" time="3.294" /><testcase classname="backend.tests.test_fitai_v4.TestSavedLooksCRUD" name="test_get_saved_looks" time="0.160" /><testcase classname="backend.tests.test_fitai_v4.TestSavedLooksCRUD" name="test_create_and_delete_saved_look" time="0.089" /></testsuite></testsuites>