<?xml version="1.0" encoding="utf-8"?><testsuites name="pytest tests"><testsuite name="pytest" errors="0" failures="0" skipped="0" tests="9" time="37.952" timestamp="2026-04-18T07:42:09.400198+00:00" hostname="agent-env-84f3ef8e-3b2f-4d95-b464-f6f0b925c54c"><testcase classname="backend.tests.test_fitai_v3.TestHealthEndpoints" name="test_root_endpoint" time="0.250" /><testcase classname="backend.tests.test_fitai_v3.TestValidatePersonPhoto" name="test_validate_photo_endpoint_exists" time="1.985" /><testcase classname="backend.tests.test_fitai_v3.TestValidatePersonPhoto" name="test_validate_photo_response_structure" time="1.639" /><testcase classname="backend.tests.test_fitai_v3.TestGenerateOutfitsWithShoes" name="test_generate_outfits_accepts_num_clothing_num_shoes" time="16.549" /><testcase classname="backend.tests.test_fitai_v3.TestGenerateOutfitsWithShoes" name="test_generate_outfits_minimum_3_items" time="0.141" /><testcase classname="backend.tests.test_fitai_v3.TestGenerateOutfitsWithShoes" name="test_generate_outfits_max_8_items" time="0.104" /><testcase classname="backend.tests.test_fitai_v3.TestGenerateOutfitImage" name="test_generate_outfit_image_endpoint_exists" time="14.113" /><testcase classname="backend.tests.test_fitai_v3.TestSavedLooksCRUD" name="test_get_saved_looks" time="2.919" /><testcase classname="backend.tests.test_fitai_v3.TestSavedLooksCRUD" name="test_create_and_delete_saved_look" time="0.176" /></testsuite></testsuites>